2025-04-21 01:22:46 - Bắt đầu pha chế
2025-04-21 01:22:46 - Bơm 1 hoạt động 3.00 giây (Lưu lượng: 100ml)
2025-04-21 01:22:46 - Bơm 3 hoạt động 6.00 giây (Lưu lượng: 200ml)
2025-04-21 01:22:52 - Hoàn thành pha chế
2025-04-21 01:22:52 - --------------------------------------------------
2025-04-21 16:10:24 - Bắt đầu pha chế
2025-04-21 16:10:24 - Bơm 1 hoạt động 3.00 giây (Lưu lượng: 100ml)
2025-04-21 16:10:24 - Bơm 3 hoạt động 6.00 giây (Lưu lượng: 200ml)
2025-04-21 16:10:30 - Hoàn thành pha chế
2025-04-21 16:10:30 - --------------------------------------------------
2025-04-21 16:14:01 - Bắt đầu pha chế
2025-04-21 16:14:01 - Bơm 1 hoạt động 3.00 giây (Lưu lượng: 100ml)
2025-04-21 16:14:01 - Bơm 3 hoạt động 6.00 giây (Lưu lượng: 200ml)
2025-04-21 16:14:07 - Hoàn thành pha chế
2025-04-21 16:14:07 - --------------------------------------------------
2025-04-23 00:21:19 - Khởi động hệ thống
2025-04-23 00:21:19 - Bơm 1 hoạt động 0.60 giây (Lưu lượng: 20ml)
2025-04-23 00:21:20 - Bơm 3 hoạt động 0.30 giây (Lưu lượng: 10ml)
2025-04-23 00:22:11 - Bơm 2 hoạt động 0.30 giây (Lưu lượng: 10ml)
2025-04-23 00:22:12 - Bơm 4 hoạt động 0.60 giây (Lưu lượng: 20ml)
2025-04-23 00:59:21 - Khởi động hệ thống
2025-04-23 00:59:21 - Bơm 1 hoạt động 1.80 giây (Lưu lượng: 60ml)
2025-04-23 00:59:22 - Bơm 2 hoạt động 1.20 giây (Lưu lượng: 40ml)
2025-04-23 00:59:24 - Bơm 3 hoạt động 1.20 giây (Lưu lượng: 40ml)
2025-04-23 00:59:25 - Bơm 4 hoạt động 0.90 giây (Lưu lượng: 30ml)
2025-04-23 01:20:37 - Khởi động hệ thống
2025-04-23 01:22:04 - Khởi động hệ thống
2025-04-23 01:22:04 - Lỗi: name 'mqtt' is not defined
2025-04-23 01:22:24 - Khởi động hệ thống
2025-04-23 01:22:24 - Trạng thái mới: [60, 40, 40, 30, 0]
2025-04-23 01:22:24 - Bơm 1 hoạt động 1.80 giây (Lưu lượng: 60ml)
2025-04-23 01:22:26 - Bơm 2 hoạt động 1.20 giây (Lưu lượng: 40ml)
2025-04-23 01:22:27 - Bơm 3 hoạt động 1.20 giây (Lưu lượng: 40ml)
2025-04-23 01:22:28 - Bơm 4 hoạt động 0.90 giây (Lưu lượng: 30ml)
2025-04-23 01:23:03 - Dừng hệ thống
2025-04-23 01:36:55 - Khởi động hệ thống
2025-04-23 01:37:00 - Dừng hệ thống
2025-04-23 01:37:01 - Khởi động hệ thống
2025-04-23 01:39:29 - Dừng hệ thống
2025-04-23 01:42:21 - Khởi động hệ thống
2025-04-23 01:42:21 - Trạng thái mới: [50, 50, 30, 20, 0]
2025-04-23 01:42:21 - Bơm 1 hoạt động 1.50 giây (Lưu lượng: 50ml)
2025-04-23 01:42:23 - Bơm 2 hoạt động 1.50 giây (Lưu lượng: 50ml)
2025-04-23 01:42:24 - Bơm 3 hoạt động 0.90 giây (Lưu lượng: 30ml)
2025-04-23 01:42:25 - Bơm 4 hoạt động 0.60 giây (Lưu lượng: 20ml)
2025-04-23 01:43:10 - Khởi động hệ thống
2025-04-23 01:43:10 - Trạng thái mới: [50, 50, 30, 20, 0]
2025-04-23 01:43:10 - Bơm 1 hoạt động 1.50 giây (Lưu lượng: 50ml)
2025-04-23 01:43:12 - Bơm 2 hoạt động 1.50 giây (Lưu lượng: 50ml)
2025-04-23 01:43:13 - Bơm 3 hoạt động 0.90 giây (Lưu lượng: 30ml)
2025-04-23 01:43:14 - Bơm 4 hoạt động 0.60 giây (Lưu lượng: 20ml)
2025-04-23 01:43:19 - Khởi động hệ thống
2025-04-23 01:43:30 - Đã nhận tin nhắn MQTT: 90||90||50
2025-04-23 01:43:30 - Trạng thái mới: [90, 90, 50]
2025-04-23 01:43:30 - Bơm 1 hoạt động 2.70 giây (Lưu lượng: 90ml)
2025-04-23 01:43:33 - Bơm 2 hoạt động 2.70 giây (Lưu lượng: 90ml)
2025-04-23 01:43:36 - Bơm 3 hoạt động 1.50 giây (Lưu lượng: 50ml)
2025-04-23 01:44:31 - Đã nhận tin nhắn MQTT: 50||50||30||20||0
2025-04-23 01:44:31 - Trạng thái mới: [50, 50, 30, 20, 0]
2025-04-23 01:44:31 - Bơm 1 hoạt động 1.50 giây (Lưu lượng: 50ml)
2025-04-23 01:44:33 - Bơm 2 hoạt động 1.50 giây (Lưu lượng: 50ml)
2025-04-23 01:44:34 - Bơm 3 hoạt động 0.90 giây (Lưu lượng: 30ml)
2025-04-23 01:44:35 - Lỗi trong monitor_pumps: list index out of range
2025-04-23 01:44:36 - Trạng thái mới: [50, 50, 30, 20, 0]
2025-04-23 01:44:36 - Bơm 1 hoạt động 1.50 giây (Lưu lượng: 50ml)
2025-04-23 01:44:38 - Bơm 2 hoạt động 1.50 giây (Lưu lượng: 50ml)
2025-04-23 01:44:39 - Bơm 3 hoạt động 0.90 giây (Lưu lượng: 30ml)
2025-04-23 01:44:40 - Lỗi trong monitor_pumps: list index out of range
2025-04-23 01:44:41 - Trạng thái mới: [50, 50, 30, 20, 0]
2025-04-23 01:44:41 - Bơm 1 hoạt động 1.50 giây (Lưu lượng: 50ml)
2025-04-23 01:44:42 - Bơm 2 hoạt động 1.50 giây (Lưu lượng: 50ml)
2025-04-23 01:44:44 - Bơm 3 hoạt động 0.90 giây (Lưu lượng: 30ml)
2025-04-23 01:44:45 - Lỗi trong monitor_pumps: list index out of range
2025-04-23 01:44:46 - Trạng thái mới: [50, 50, 30, 20, 0]
2025-04-23 01:44:46 - Bơm 1 hoạt động 1.50 giây (Lưu lượng: 50ml)
2025-04-23 01:44:47 - Bơm 2 hoạt động 1.50 giây (Lưu lượng: 50ml)
2025-04-23 01:44:49 - Bơm 3 hoạt động 0.90 giây (Lưu lượng: 30ml)
2025-04-23 01:44:50 - Lỗi trong monitor_pumps: list index out of range
2025-04-23 01:44:51 - Trạng thái mới: [50, 50, 30, 20, 0]
2025-04-23 01:44:51 - Bơm 1 hoạt động 1.50 giây (Lưu lượng: 50ml)
2025-04-23 01:44:52 - Bơm 2 hoạt động 1.50 giây (Lưu lượng: 50ml)
2025-04-23 01:44:54 - Bơm 3 hoạt động 0.90 giây (Lưu lượng: 30ml)
2025-04-23 01:44:55 - Lỗi trong monitor_pumps: list index out of range
2025-04-23 01:44:56 - Trạng thái mới: [50, 50, 30, 20, 0]
2025-04-23 01:44:56 - Bơm 1 hoạt động 1.50 giây (Lưu lượng: 50ml)
2025-04-23 01:44:57 - Đã nhận tin nhắn MQTT: 50||50||30||20||0
2025-04-23 01:44:57 - Bơm 2 hoạt động 1.50 giây (Lưu lượng: 50ml)
2025-04-23 01:44:59 - Bơm 3 hoạt động 0.90 giây (Lưu lượng: 30ml)
2025-04-23 01:45:00 - Lỗi trong monitor_pumps: list index out of range
2025-04-23 01:45:01 - Trạng thái mới: [50, 50, 30, 20, 0]
2025-04-23 01:45:01 - Bơm 1 hoạt động 1.50 giây (Lưu lượng: 50ml)
2025-04-23 01:45:02 - Bơm 2 hoạt động 1.50 giây (Lưu lượng: 50ml)
2025-04-23 01:45:04 - Bơm 3 hoạt động 0.90 giây (Lưu lượng: 30ml)
2025-04-23 01:45:04 - Lỗi trong monitor_pumps: list index out of range
2025-04-23 01:45:05 - Trạng thái mới: [50, 50, 30, 20, 0]
2025-04-23 01:45:05 - Bơm 1 hoạt động 1.50 giây (Lưu lượng: 50ml)
2025-04-23 01:45:06 - Đã nhận tin nhắn MQTT: 90||90||50
2025-04-23 01:45:07 - Bơm 2 hoạt động 1.50 giây (Lưu lượng: 50ml)
2025-04-23 01:45:08 - Bơm 3 hoạt động 0.90 giây (Lưu lượng: 30ml)
2025-04-23 01:45:09 - Lỗi trong monitor_pumps: list index out of range
2025-04-23 01:45:15 - Đã nhận tin nhắn MQTT: 70||70||20||10
2025-04-23 01:45:15 - Trạng thái mới: [70, 70, 20, 10]
2025-04-23 01:45:15 - Bơm 1 hoạt động 2.10 giây (Lưu lượng: 70ml)
2025-04-23 01:45:18 - Bơm 2 hoạt động 2.10 giây (Lưu lượng: 70ml)
2025-04-23 01:45:20 - Bơm 3 hoạt động 0.60 giây (Lưu lượng: 20ml)
2025-04-23 01:45:20 - Lỗi trong monitor_pumps: list index out of range
2025-04-23 01:45:21 - Trạng thái mới: [70, 70, 20, 10]
2025-04-23 01:45:21 - Bơm 1 hoạt động 2.10 giây (Lưu lượng: 70ml)
2025-04-23 01:45:23 - Bơm 2 hoạt động 2.10 giây (Lưu lượng: 70ml)
2025-04-23 01:45:25 - Bơm 3 hoạt động 0.60 giây (Lưu lượng: 20ml)
2025-04-23 01:45:26 - Lỗi trong monitor_pumps: list index out of range
2025-04-23 01:45:27 - Trạng thái mới: [70, 70, 20, 10]
2025-04-23 01:45:27 - Bơm 1 hoạt động 2.10 giây (Lưu lượng: 70ml)
2025-04-23 01:45:29 - Bơm 2 hoạt động 2.10 giây (Lưu lượng: 70ml)
2025-04-23 01:45:31 - Bơm 3 hoạt động 0.60 giây (Lưu lượng: 20ml)
2025-04-23 01:45:32 - Lỗi trong monitor_pumps: list index out of range
2025-04-23 01:45:33 - Trạng thái mới: [70, 70, 20, 10]
2025-04-23 01:45:33 - Bơm 1 hoạt động 2.10 giây (Lưu lượng: 70ml)
2025-04-23 01:45:35 - Bơm 2 hoạt động 2.10 giây (Lưu lượng: 70ml)
2025-04-23 01:45:37 - Bơm 3 hoạt động 0.60 giây (Lưu lượng: 20ml)
2025-04-23 01:45:38 - Lỗi trong monitor_pumps: list index out of range
2025-04-23 01:45:39 - Trạng thái mới: [70, 70, 20, 10]
2025-04-23 01:45:39 - Bơm 1 hoạt động 2.10 giây (Lưu lượng: 70ml)
2025-04-23 01:45:41 - Bơm 2 hoạt động 2.10 giây (Lưu lượng: 70ml)
2025-04-23 01:45:43 - Bơm 3 hoạt động 0.60 giây (Lưu lượng: 20ml)
2025-04-23 01:45:43 - Lỗi trong monitor_pumps: list index out of range
2025-04-23 01:45:44 - Trạng thái mới: [70, 70, 20, 10]
2025-04-23 01:45:44 - Bơm 1 hoạt động 2.10 giây (Lưu lượng: 70ml)
2025-04-23 01:45:47 - Bơm 2 hoạt động 2.10 giây (Lưu lượng: 70ml)
2025-04-23 01:45:49 - Bơm 3 hoạt động 0.60 giây (Lưu lượng: 20ml)
2025-04-23 01:45:49 - Lỗi trong monitor_pumps: list index out of range
2025-04-23 01:45:50 - Trạng thái mới: [70, 70, 20, 10]
2025-04-23 01:45:50 - Bơm 1 hoạt động 2.10 giây (Lưu lượng: 70ml)
2025-04-23 01:45:52 - Bơm 2 hoạt động 2.10 giây (Lưu lượng: 70ml)
2025-04-23 01:45:54 - Bơm 3 hoạt động 0.60 giây (Lưu lượng: 20ml)
2025-04-23 01:45:55 - Lỗi trong monitor_pumps: list index out of range
2025-04-23 01:45:56 - Trạng thái mới: [70, 70, 20, 10]
2025-04-23 01:45:56 - Bơm 1 hoạt động 2.10 giây (Lưu lượng: 70ml)
2025-04-23 01:45:58 - Bơm 2 hoạt động 2.10 giây (Lưu lượng: 70ml)
2025-04-23 01:46:00 - Bơm 3 hoạt động 0.60 giây (Lưu lượng: 20ml)
2025-04-23 01:46:01 - Lỗi trong monitor_pumps: list index out of range
2025-04-23 01:46:02 - Trạng thái mới: [70, 70, 20, 10]
2025-04-23 01:46:02 - Bơm 1 hoạt động 2.10 giây (Lưu lượng: 70ml)
2025-04-23 01:46:04 - Bơm 2 hoạt động 2.10 giây (Lưu lượng: 70ml)
2025-04-23 01:46:06 - Bơm 3 hoạt động 0.60 giây (Lưu lượng: 20ml)
2025-04-23 01:46:07 - Lỗi trong monitor_pumps: list index out of range
2025-04-23 01:46:08 - Trạng thái mới: [70, 70, 20, 10]
2025-04-23 01:46:08 - Bơm 1 hoạt động 2.10 giây (Lưu lượng: 70ml)
2025-04-23 01:46:10 - Bơm 2 hoạt động 2.10 giây (Lưu lượng: 70ml)
2025-04-23 01:46:12 - Bơm 3 hoạt động 0.60 giây (Lưu lượng: 20ml)
2025-04-23 01:46:12 - Lỗi trong monitor_pumps: list index out of range
2025-04-23 01:48:41 - Khởi động hệ thống
2025-04-23 01:48:48 - Đã nhận tin nhắn MQTT: 100||60||10||10||0
2025-04-23 01:48:49 - Trạng thái mới: [100, 60, 10, 10, 0]
2025-04-23 01:48:49 - Bơm 1 hoạt động 3.00 giây (Lưu lượng: 100ml)
2025-04-23 01:48:52 - Bơm 2 hoạt động 1.80 giây (Lưu lượng: 60ml)
2025-04-23 01:48:54 - Bơm 3 hoạt động 0.30 giây (Lưu lượng: 10ml)
2025-04-23 01:48:54 - Bơm 4 hoạt động 0.30 giây (Lưu lượng: 10ml)
2025-04-23 01:49:17 - Đã nhận tin nhắn MQTT: 100||60||10||10||0
2025-04-23 01:54:46 - Khởi động hệ thống
2025-04-23 01:54:58 - Đã nhận tin nhắn MQTT: 100||60||10||10||0
2025-04-23 01:54:58 - Bơm 1 hoạt động 3.00 giây (Lưu lượng: 100ml)
2025-04-23 01:55:01 - Bơm 2 hoạt động 1.80 giây (Lưu lượng: 60ml)
2025-04-23 01:55:03 - Bơm 3 hoạt động 0.30 giây (Lưu lượng: 10ml)
2025-04-23 01:55:03 - Bơm 4 hoạt động 0.30 giây (Lưu lượng: 10ml)
2025-04-23 01:55:03 - Bơm 5 đã dừng
2025-04-23 01:55:13 - Đã nhận tin nhắn MQTT: 100||60||10||10||0
2025-04-23 01:55:13 - Bơm 1 hoạt động 3.00 giây (Lưu lượng: 100ml)
2025-04-23 01:55:16 - Bơm 2 hoạt động 1.80 giây (Lưu lượng: 60ml)
2025-04-23 01:55:17 - Bơm 3 hoạt động 0.30 giây (Lưu lượng: 10ml)
2025-04-23 01:55:18 - Bơm 4 hoạt động 0.30 giây (Lưu lượng: 10ml)
2025-04-23 01:55:18 - Bơm 5 đã dừng
2025-04-23 01:55:29 - Đã nhận tin nhắn MQTT: 50||50||30||20||0
2025-04-23 01:55:29 - Bơm 1 hoạt động 1.50 giây (Lưu lượng: 50ml)
2025-04-23 01:55:31 - Bơm 2 hoạt động 1.50 giây (Lưu lượng: 50ml)
2025-04-23 01:55:32 - Bơm 3 hoạt động 0.90 giây (Lưu lượng: 30ml)
2025-04-23 01:55:33 - Bơm 4 hoạt động 0.60 giây (Lưu lượng: 20ml)
2025-04-23 01:55:34 - Bơm 5 đã dừng
2025-04-23 01:55:40 - Đã nhận tin nhắn MQTT: 90||90||50
2025-04-23 01:56:05 - Đã nhận tin nhắn MQTT: 90||90||50
2025-04-23 01:56:15 - Đã nhận tin nhắn MQTT: 70||70||20||10
2025-04-23 01:56:21 - Đã nhận tin nhắn MQTT: 100||60||10||10||0
2025-04-23 01:56:21 - Bơm 1 hoạt động 3.00 giây (Lưu lượng: 100ml)
2025-04-23 01:56:24 - Bơm 2 hoạt động 1.80 giây (Lưu lượng: 60ml)
2025-04-23 01:56:26 - Bơm 3 hoạt động 0.30 giây (Lưu lượng: 10ml)
2025-04-23 01:56:26 - Bơm 4 hoạt động 0.30 giây (Lưu lượng: 10ml)
2025-04-23 01:56:26 - Bơm 5 đã dừng
2025-04-23 01:58:22 - Đã nhận tin nhắn MQTT: 90||90||50
2025-04-23 01:58:29 - Đã nhận tin nhắn MQTT: #||#||#||#||#
2025-04-23 01:58:29 - Lỗi xử lý tin nhắn MQTT: invalid literal for int() with base 10: '#'
2025-04-23 01:59:06 - Đã nhận tin nhắn MQTT: 0||0||0||0||0
2025-04-23 01:59:06 - Bơm 1 đã dừng
2025-04-23 01:59:06 - Bơm 2 đã dừng
2025-04-23 01:59:06 - Bơm 3 đã dừng
2025-04-23 01:59:06 - Bơm 4 đã dừng
2025-04-23 01:59:06 - Bơm 5 đã dừng
2025-04-23 02:00:13 - Đã nhận tin nhắn MQTT: #||#||#||#||#
2025-04-23 02:00:13 - Lỗi xử lý tin nhắn MQTT: invalid literal for int() with base 10: '#'
2025-04-23 02:00:20 - Đã nhận tin nhắn MQTT: 0||0||0||0||0
2025-04-23 02:00:20 - Bơm 1 đã dừng
2025-04-23 02:00:20 - Bơm 2 đã dừng
2025-04-23 02:00:20 - Bơm 3 đã dừng
2025-04-23 02:00:20 - Bơm 4 đã dừng
2025-04-23 02:00:20 - Bơm 5 đã dừng
2025-04-23 02:00:31 - Dừng hệ thống
2025-04-23 02:00:31 - Khởi động hệ thống
2025-04-23 02:00:35 - Đã nhận tin nhắn MQTT: #||#||#||#||#
2025-04-23 02:00:35 - Bơm 1 bắt đầu chạy liên tục
2025-04-23 02:00:35 - Bơm 2 bắt đầu chạy liên tục
2025-04-23 02:00:35 - Bơm 3 bắt đầu chạy liên tục
2025-04-23 02:00:35 - Bơm 4 bắt đầu chạy liên tục
2025-04-23 02:00:35 - Bơm 5 bắt đầu chạy liên tục
2025-04-23 02:00:44 - Đã nhận tin nhắn MQTT: 0||0||0||0||0
2025-04-23 02:00:44 - Bơm 1 đã dừng
2025-04-23 02:00:44 - Bơm 2 đã dừng
2025-04-23 02:00:44 - Bơm 3 đã dừng
2025-04-23 02:00:44 - Bơm 4 đã dừng
2025-04-23 02:00:44 - Bơm 5 đã dừng
2025-04-23 02:00:58 - Đã nhận tin nhắn MQTT: 90||90||50||0||0
2025-04-23 02:00:58 - Bơm 1 hoạt động 2.70 giây (Lưu lượng: 90ml)
2025-04-23 02:01:01 - Bơm 2 hoạt động 2.70 giây (Lưu lượng: 90ml)
2025-04-23 02:01:03 - Bơm 3 hoạt động 1.50 giây (Lưu lượng: 50ml)
2025-04-23 02:01:05 - Bơm 4 đã dừng
2025-04-23 02:01:05 - Bơm 5 đã dừng
2025-04-23 02:05:55 - Đã nhận tin nhắn MQTT: 50||50||30||20||0
2025-04-23 02:05:55 - Bơm 1 hoạt động 1.50 giây (Lưu lượng: 50ml)
2025-04-23 02:05:56 - Bơm 2 hoạt động 1.50 giây (Lưu lượng: 50ml)
2025-04-23 02:05:58 - Bơm 3 hoạt động 0.90 giây (Lưu lượng: 30ml)
2025-04-23 02:05:59 - Bơm 4 hoạt động 0.60 giây (Lưu lượng: 20ml)
2025-04-23 02:05:59 - Bơm 5 đã dừng
2025-04-23 02:09:10 - Dừng hệ thống
2025-04-23 02:09:10 - Khởi động hệ thống
2025-04-23 02:09:53 - Đã nhận tin nhắn MQTT: 50||50||30||20||0
2025-04-23 02:09:53 - Start!
2025-04-23 02:09:53 - Bơm 1 hoạt động 1.50 giây (Lưu lượng: 50ml)
2025-04-23 02:09:54 - Bơm 2 hoạt động 1.50 giây (Lưu lượng: 50ml)
2025-04-23 02:09:56 - Bơm 3 hoạt động 0.90 giây (Lưu lượng: 30ml)
2025-04-23 02:09:57 - Bơm 4 hoạt động 0.60 giây (Lưu lượng: 20ml)
2025-04-23 02:09:57 - Bơm 5 đã dừng
2025-04-23 02:09:57 - Done
2025-04-23 02:09:57 - --------------------------------------------------
2025-04-23 02:10:04 - Đã nhận tin nhắn MQTT: 90||90||50||0||0
2025-04-23 02:10:04 - Start!
2025-04-23 02:10:04 - Bơm 1 hoạt động 2.70 giây (Lưu lượng: 90ml)
2025-04-23 02:10:06 - Bơm 2 hoạt động 2.70 giây (Lưu lượng: 90ml)
2025-04-23 02:10:09 - Bơm 3 hoạt động 1.50 giây (Lưu lượng: 50ml)
2025-04-23 02:10:11 - Bơm 4 đã dừng
2025-04-23 02:10:11 - Bơm 5 đã dừng
2025-04-23 02:10:11 - Done
2025-04-23 02:10:11 - --------------------------------------------------
2025-04-23 02:15:44 - Dừng hệ thống
2025-04-23 02:15:45 - Khởi động hệ thống
2025-04-23 02:15:52 - Đã nhận tin nhắn MQTT: 50||50||30||20||0
2025-04-23 02:15:52 - Start!
2025-04-23 02:15:52 - Bơm 1 hoạt động 1.50 giây (Lưu lượng: 50ml)
2025-04-23 02:15:54 - Bơm 2 hoạt động 1.50 giây (Lưu lượng: 50ml)
2025-04-23 02:15:55 - Bơm 3 hoạt động 0.90 giây (Lưu lượng: 30ml)
2025-04-23 02:15:56 - Bơm 4 hoạt động 0.60 giây (Lưu lượng: 20ml)
2025-04-23 02:15:57 - Bơm 5 đã dừng
2025-04-23 02:15:57 - Done
2025-04-23 02:15:57 - --------------------------------------------------
2025-04-23 02:16:08 - Đã nhận tin nhắn MQTT: #||#||#||#||#
2025-04-23 02:16:08 - Start!
2025-04-23 02:16:08 - Bơm 1 bắt đầu chạy liên tục
2025-04-23 02:16:08 - Bơm 2 bắt đầu chạy liên tục
2025-04-23 02:16:08 - Bơm 3 bắt đầu chạy liên tục
2025-04-23 02:16:08 - Bơm 4 bắt đầu chạy liên tục
2025-04-23 02:16:08 - Bơm 5 bắt đầu chạy liên tục
2025-04-23 02:16:08 - Done
2025-04-23 02:16:08 - --------------------------------------------------
2025-04-23 02:16:19 - Đã nhận tin nhắn MQTT: 0||0||0||0||0
2025-04-23 02:16:19 - Start!
2025-04-23 02:16:19 - Bơm 1 đã dừng
2025-04-23 02:16:19 - Bơm 2 đã dừng
2025-04-23 02:16:19 - Bơm 3 đã dừng
2025-04-23 02:16:19 - Bơm 4 đã dừng
2025-04-23 02:16:19 - Bơm 5 đã dừng
2025-04-23 02:16:19 - Done
2025-04-23 02:16:19 - --------------------------------------------------
